{
  "RSpec": {
    "coverage": {
      "/Users/artem/workspace/Rails/garage/bookstore/config/environment.rb": [
        null,
        1,
        null,
        null,
        1
      ],
      "/Users/artem/workspace/Rails/garage/bookstore/config/application.rb": [
        1,
        null,
        1,
        null,
        1,
        1,
        1,
        1,
        1,
        1,
        1,
        null,
        null,
        null,
        null,
        1,
        null,
        1,
        1,
        null,
        1,
        1,
        1,
        null,
        null,
        null,
        null,
        null,
        null,
        null,
        null,
        null,
        null,
        null,
        null,
        null,
        null,
        1,
        1,
        0,
        null,
        null,
        null
      ],
      "/Users/artem/workspace/Rails/garage/bookstore/config/boot.rb": [
        1,
        null,
        1
      ],
      "/Users/artem/workspace/Rails/garage/bookstore/config/environments/test.rb": [
        1,
        null,
        null,
        null,
        null,
        null,
        null,
        1,
        null,
        null,
        null,
        null,
        1,
        null,
        null,
        1,
        1,
        null,
        null,
        1,
        1,
        null,
        null,
        1,
        null,
        null,
        1,
        null,
        null,
        null,
        null,
        1,
        null,
        null,
        1,
        null,
        null,
        1,
        null,
        null,
        null,
        null
      ],
      "/Users/artem/workspace/Rails/garage/bookstore/config/initializers/assets.rb": [
        null,
        null,
        null,
        1,
        null,
        null,
        null,
        null,
        null,
        null,
        null
      ],
      "/Users/artem/workspace/Rails/garage/bookstore/config/initializers/backtrace_silencers.rb": [
        null,
        null,
        null,
        null,
        null,
        null,
        null
      ],
      "/Users/artem/workspace/Rails/garage/bookstore/config/initializers/cookies_serializer.rb": [
        null,
        null,
        1
      ],
      "/Users/artem/workspace/Rails/garage/bookstore/config/initializers/devise.rb": [
        null,
        null,
        1,
        null,
        null,
        null,
        null,
        null,
        null,
        null,
        null,
        null,
        null,
        null,
        1,
        null,
        null,
        null,
        null,
        null,
        null,
        null,
        null,
        1,
        null,
        null,
        null,
        null,
        null,
        null,
        null,
        null,
        null,
        null,
        null,
        null,
        null,
        null,
        null,
        null,
        null,
        null,
        null,
        null,
        null,
        1,
        null,
        null,
        null,
        null,
        1,
        null,
        null,
        null,
        null,
        null,
        null,
        null,
        null,
        null,
        null,
        null,
        null,
        null,
        null,
        null,
        null,
        null,
        null,
        null,
        null,
        null,
        null,
        null,
        null,
        null,
        null,
        null,
        null,
        null,
        null,
        1,
        null,
        null,
        null,
        null,
        null,
        null,
        null,
        null,
        null,
        null,
        null,
        null,
        null,
        null,
        null,
        null,
        1,
        null,
        null,
        null,
        null,
        null,
        null,
        null,
        null,
        null,
        null,
        null,
        null,
        null,
        null,
        null,
        null,
        null,
        null,
        null,
        null,
        null,
        null,
        null,
        null,
        1,
        null,
        null,
        null,
        null,
        null,
        null,
        null,
        null,
        null,
        1,
        null,
        null,
        null,
        null,
        null,
        null,
        null,
        null,
        null,
        null,
        1,
        null,
        null,
        null,
        null,
        null,
        null,
        null,
        null,
        null,
        null,
        null,
        null,
        null,
        null,
        null,
        null,
        null,
        null,
        null,
        null,
        null,
        null,
        null,
        null,
        null,
        null,
        null,
        null,
        null,
        null,
        null,
        null,
        null,
        null,
        null,
        null,
        null,
        null,
        null,
        null,
        null,
        null,
        null,
        null,
        null,
        null,
        null,
        null,
        1,
        null,
        null,
        null,
        null,
        null,
        null,
        null,
        null,
        null,
        null,
        null,
        null,
        null,
        null,
        null,
        null,
        null,
        null,
        null,
        null,
        null,
        null,
        null,
        null,
        null,
        null,
        null,
        null,
        null,
        null,
        null,
        null,
        null,
        null,
        null,
        null,
        null,
        null,
        null,
        null,
        null,
        1,
        null,
        null,
        null,
        null,
        null,
        1,
        null,
        null,
        null,
        null,
        null,
        null,
        null,
        null,
        null,
        null,
        null,
        null,
        null,
        null,
        null,
        null,
        null,
        null,
        null,
        null,
        null,
        null,
        null,
        null
      ],
      "/Users/artem/workspace/Rails/garage/bookstore/config/initializers/filter_parameter_logging.rb": [
        null,
        null,
        null,
        1
      ],
      "/Users/artem/workspace/Rails/garage/bookstore/config/initializers/inflections.rb": [
        null,
        null,
        null,
        null,
        null,
        null,
        null,
        null,
        null,
        null,
        null,
        null,
        null,
        null,
        null,
        null
      ],
      "/Users/artem/workspace/Rails/garage/bookstore/config/initializers/mime_types.rb": [
        null,
        null,
        null,
        null
      ],
      "/Users/artem/workspace/Rails/garage/bookstore/config/initializers/omniauth.rb": [
        null,
        null,
        null,
        null
      ],
      "/Users/artem/workspace/Rails/garage/bookstore/config/initializers/session_store.rb": [
        null,
        null,
        1
      ],
      "/Users/artem/workspace/Rails/garage/bookstore/config/initializers/will_paginate.rb": [
        1,
        1,
        1,
        55,
        55,
        null,
        null,
        1,
        1,
        null,
        1,
        0,
        null,
        null,
        1,
        0,
        null,
        0,
        null,
        null,
        1,
        0,
        0,
        null,
        0,
        null,
        null,
        1,
        0,
        0,
        null,
        null,
        null,
        null
      ],
      "/Users/artem/workspace/Rails/garage/bookstore/config/initializers/wrap_parameters.rb": [
        null,
        null,
        null,
        null,
        null,
        null,
        1,
        1,
        null,
        null,
        null,
        null,
        null,
        null
      ],
      "/Users/artem/workspace/Rails/garage/bookstore/config/routes.rb": [
        1,
        null,
        1,
        null,
        null,
        null,
        null,
        null,
        1,
        1,
        1,
        null,
        null,
        null,
        1,
        1,
        1,
        null,
        1,
        1,
        null,
        1,
        1,
        1,
        1,
        null,
        null,
        null,
        1,
        null,
        1,
        1,
        1,
        null,
        null,
        null,
        1,
        1,
        1,
        1,
        null,
        null,
        null,
        1,
        null
      ],
      "/Users/artem/workspace/Rails/garage/bookstore/app/models/user.rb": [
        1,
        1,
        1,
        1,
        1,
        1,
        1,
        1,
        null,
        1,
        1,
        1,
        null,
        1,
        0,
        0,
        0,
        0,
        0,
        null,
        null,
        null,
        1,
        4,
        4,
        0,
        null,
        null,
        null,
        null,
        1,
        120,
        120,
        null,
        null,
        1,
        120,
        null,
        null,
        1,
        121,
        null,
        null,
        1,
        625,
        null,
        null
      ],
      "/Users/artem/workspace/Rails/garage/bookstore/app/helpers/application_helper.rb": [
        1,
        null,
        null,
        null,
        null,
        null,
        1,
        0,
        0,
        null,
        null,
        1,
        0,
        null,
        null,
        null
      ],
      "/Users/artem/workspace/Rails/garage/bookstore/app/helpers/authors_helper.rb": [
        1,
        null
      ],
      "/Users/artem/workspace/Rails/garage/bookstore/app/helpers/books_helper.rb": [
        1,
        1,
        11,
        null,
        null,
        1,
        10,
        null,
        null,
        1,
        0,
        0,
        null,
        0,
        null,
        null,
        null,
        1,
        25,
        0,
        null,
        50,
        null,
        null,
        null
      ],
      "/Users/artem/workspace/Rails/garage/bookstore/app/helpers/carts_helper.rb": [
        1,
        null,
        null,
        null,
        null,
        null,
        null,
        null,
        null,
        null,
        null,
        null,
        null,
        null,
        null,
        null,
        null,
        null,
        null,
        1,
        8,
        8,
        0,
        0,
        null,
        null,
        null,
        null
      ],
      "/Users/artem/workspace/Rails/garage/bookstore/app/helpers/categories_helper.rb": [
        1,
        null
      ],
      "/Users/artem/workspace/Rails/garage/bookstore/app/helpers/order_steps_helper.rb": [
        1,
        1,
        26,
        null,
        26,
        null,
        null,
        null,
        1,
        1,
        0,
        null,
        1,
        null,
        null,
        null,
        1,
        1,
        13,
        1,
        null,
        null,
        1,
        1,
        8,
        1,
        null,
        null,
        1,
        6,
        0,
        null,
        6,
        null,
        null,
        null,
        1,
        0,
        null,
        0,
        null,
        0,
        null,
        null,
        null
      ],
      "/Users/artem/workspace/Rails/garage/bookstore/app/helpers/orders_helper.rb": [
        1,
        null,
        1,
        89,
        null,
        null,
        1,
        290,
        148,
        null,
        114,
        null,
        null,
        null,
        1,
        130,
        25,
        null,
        105,
        null,
        null,
        null
      ],
      "/Users/artem/workspace/Rails/garage/bookstore/app/helpers/pages_helper.rb": [
        1,
        null
      ],
      "/Users/artem/workspace/Rails/garage/bookstore/app/helpers/profiles_helper.rb": [
        1,
        null
      ],
      "/Users/artem/workspace/Rails/garage/bookstore/app/helpers/reviews_helper.rb": [
        1,
        1,
        1,
        1,
        5,
        null,
        1,
        null,
        null
      ],
      "/Users/artem/workspace/Rails/garage/bookstore/app/helpers/users_helper.rb": [
        1,
        null
      ],
      "/Users/artem/workspace/Rails/garage/bookstore/app/controllers/authors_controller.rb": [
        1,
        1,
        null,
        1,
        6,
        null,
        null,
        1,
        null,
        null,
        1,
        null,
        null,
        1,
        null,
        null,
        1,
        7,
        4,
        null,
        3,
        null,
        null,
        null,
        1,
        7,
        4,
        null,
        3,
        null,
        null,
        null,
        1,
        5,
        5,
        null,
        null,
        1,
        null,
        1,
        22,
        null,
        null
      ],
      "/Users/artem/workspace/Rails/garage/bookstore/app/controllers/application_controller.rb": [
        1,
        1,
        1,
        1,
        null,
        null,
        1,
        331,
        null,
        null,
        1,
        125,
        null,
        null,
        1,
        0,
        null,
        null,
        1,
        49,
        9,
        9,
        7,
        null,
        2,
        null,
        null,
        40,
        6,
        null,
        9,
        25,
        2,
        null,
        23,
        null,
        null,
        null,
        null,
        1,
        null,
        1,
        380,
        70,
        310,
        172,
        null,
        null,
        null,
        1,
        380,
        173,
        null,
        207,
        null,
        null,
        null,
        1,
        804,
        null,
        null
      ],
      "/Users/artem/workspace/Rails/garage/bookstore/app/controllers/books_controller.rb": [
        1,
        1,
        1,
        null,
        1,
        57,
        57,
        0,
        null,
        57,
        null,
        null,
        null,
        1,
        12,
        null,
        null,
        1,
        null,
        null,
        1,
        null,
        null,
        1,
        8,
        5,
        null,
        3,
        null,
        null,
        null,
        1,
        7,
        4,
        null,
        3,
        null,
        null,
        null,
        1,
        5,
        5,
        null,
        null,
        1,
        3,
        3,
        null,
        null,
        3,
        3,
        3,
        3,
        null,
        0,
        null,
        null,
        null,
        null,
        1,
        2,
        2,
        null,
        2,
        2,
        null,
        null,
        null,
        1,
        null,
        1,
        24,
        null,
        null,
        null,
        null,
        null
      ],
      "/Users/artem/workspace/Rails/garage/bookstore/app/controllers/concerns/filterrific_stuff.rb": [
        1,
        null,
        1,
        null,
        1,
        null,
        null,
        null,
        null,
        null,
        null,
        57,
        null,
        null
      ],
      "/Users/artem/workspace/Rails/garage/bookstore/app/controllers/categories_controller.rb": [
        1,
        1,
        null,
        1,
        6,
        null,
        null,
        1,
        null,
        null,
        1,
        null,
        null,
        1,
        null,
        null,
        1,
        7,
        4,
        null,
        3,
        null,
        null,
        null,
        1,
        7,
        4,
        null,
        3,
        null,
        null,
        null,
        1,
        5,
        5,
        null,
        null,
        1,
        1,
        22,
        null,
        null
      ],
      "/Users/artem/workspace/Rails/garage/bookstore/app/controllers/order_steps_controller.rb": [
        1,
        1,
        1,
        1,
        1,
        1,
        null,
        null,
        1,
        16,
        14,
        null,
        null,
        1,
        9,
        8,
        8,
        8,
        8,
        null,
        null,
        null,
        1,
        null,
        1,
        8,
        null,
        null,
        null,
        null,
        null,
        null,
        1,
        26,
        null,
        null,
        1,
        37,
        null,
        null,
        1,
        3,
        3,
        3,
        null,
        null
      ],
      "/Users/artem/workspace/Rails/garage/bookstore/app/controllers/orders_controller.rb": [
        1,
        1,
        1,
        null,
        1,
        7,
        null,
        null,
        1,
        null,
        null,
        1,
        6,
        6,
        3,
        null,
        3,
        null,
        6,
        null,
        null,
        1,
        null,
        null,
        1,
        11,
        11,
        6,
        null,
        5,
        5,
        null,
        null,
        null,
        null,
        1,
        3,
        3,
        null,
        null,
        1,
        2,
        2,
        null,
        null,
        1,
        null,
        1,
        6,
        null,
        null
      ],
      "/Users/artem/workspace/Rails/garage/bookstore/app/controllers/profiles_controller.rb": [
        1,
        1,
        1,
        1,
        null,
        1,
        null,
        null,
        1,
        null,
        null,
        1,
        null,
        null,
        1,
        9,
        6,
        null,
        3,
        null,
        null,
        null,
        1,
        null,
        1,
        9,
        null,
        null,
        1,
        17,
        null,
        null,
        1,
        22,
        null,
        null
      ],
      "/Users/artem/workspace/Rails/garage/bookstore/app/controllers/reviews_controller.rb": [
        1,
        1,
        null,
        1,
        4,
        null,
        null,
        1,
        null,
        null,
        1,
        null,
        null,
        1,
        7,
        4,
        null,
        3,
        3,
        null,
        null,
        null,
        1,
        6,
        3,
        null,
        3,
        null,
        null,
        null,
        1,
        4,
        4,
        null,
        null,
        1,
        5,
        5,
        null,
        0,
        null,
        null,
        null,
        1,
        null,
        1,
        28,
        null,
        null
      ],
      "/Users/artem/workspace/Rails/garage/bookstore/app/forms/order_form.rb": [
        1,
        1,
        null,
        1,
        1,
        1,
        30,
        null,
        null,
        1,
        18,
        null,
        null,
        1,
        21,
        null,
        null,
        1,
        1,
        null,
        null,
        1,
        5,
        null,
        null,
        1,
        6,
        2,
        2,
        2,
        4,
        2,
        2,
        2,
        null,
        null,
        null,
        1,
        5,
        null,
        null,
        1,
        null,
        1,
        10,
        0,
        null,
        null,
        null,
        null,
        null,
        null,
        1,
        2,
        null,
        null
      ],
      "/Users/artem/workspace/Rails/garage/bookstore/app/models/ability.rb": [
        1,
        null,
        1,
        null,
        1,
        null,
        191,
        null,
        191,
        51,
        null,
        140,
        64,
        64,
        64,
        null,
        64,
        64,
        64,
        64,
        64,
        64,
        64,
        64,
        64,
        64,
        64,
        null,
        null,
        76,
        76,
        76,
        76,
        76,
        null,
        null,
        null
      ],
      "/Users/artem/workspace/Rails/garage/bookstore/app/models/address.rb": [
        1,
        1,
        1,
        1,
        1,
        null,
        1,
        1,
        null,
        1,
        null
      ],
      "/Users/artem/workspace/Rails/garage/bookstore/app/models/author.rb": [
        1,
        1,
        1,
        1,
        null,
        1,
        102,
        102,
        1,
        null,
        null,
        null,
        1,
        66,
        null,
        null,
        null,
        null
      ],
      "/Users/artem/workspace/Rails/garage/bookstore/app/models/book.rb": [
        1,
        1,
        1,
        1,
        1,
        1,
        1,
        1,
        null,
        1,
        null,
        1,
        null,
        1,
        null,
        null,
        null,
        null,
        1,
        null,
        1,
        6,
        null,
        6,
        null,
        null,
        6,
        24,
        null,
        null,
        null,
        null,
        6,
        null,
        null,
        24,
        null,
        null,
        null,
        null,
        null,
        24,
        null,
        24,
        6,
        null,
        null,
        1,
        1,
        null,
        null,
        1,
        13,
        1,
        1,
        null,
        12,
        null,
        null,
        null,
        1,
        4,
        null,
        null,
        1,
        0,
        0,
        null,
        0,
        null,
        0,
        null,
        null
      ],
      "/Users/artem/workspace/Rails/garage/bookstore/app/uploaders/cover_uploader.rb": [
        null,
        null,
        1,
        null,
        null,
        null,
        null,
        1,
        null,
        null,
        null,
        1,
        null,
        null,
        null,
        null,
        1,
        3,
        null,
        null,
        null,
        null,
        null,
        null,
        null,
        null,
        null,
        null,
        null,
        null,
        null,
        null,
        null,
        null,
        null,
        null,
        1,
        1,
        null,
        null,
        1,
        1,
        null,
        null,
        null,
        null,
        null,
        null,
        null,
        null,
        null,
        null,
        null,
        null,
        null,
        null,
        null
      ],
      "/Users/artem/workspace/Rails/garage/bookstore/app/models/category.rb": [
        1,
        1,
        1,
        null,
        1,
        88,
        null,
        null
      ],
      "/Users/artem/workspace/Rails/garage/bookstore/app/models/country.rb": [
        1,
        1,
        1,
        1,
        null
      ],
      "/Users/artem/workspace/Rails/garage/bookstore/app/models/coupon.rb": [
        1,
        1,
        1,
        null,
        1,
        4,
        2,
        null,
        null,
        null,
        1,
        0,
        null,
        null,
        1,
        0,
        null,
        null
      ],
      "/Users/artem/workspace/Rails/garage/bookstore/app/models/credit_card.rb": [
        1,
        1,
        1,
        1,
        1,
        1,
        null,
        1,
        1,
        null,
        1,
        145,
        null,
        null,
        1,
        2,
        1,
        null,
        null,
        null
      ],
      "/Users/artem/workspace/Rails/garage/bookstore/app/models/delivery.rb": [
        1,
        1,
        null
      ],
      "/Users/artem/workspace/Rails/garage/bookstore/app/models/order_book.rb": [
        1,
        1,
        1,
        1,
        null,
        1,
        null,
        1,
        16,
        12,
        null,
        4,
        null,
        null,
        null,
        1,
        13,
        1,
        null,
        null,
        null,
        null,
        null,
        null,
        null,
        null,
        null,
        null,
        null,
        null,
        null,
        null,
        null,
        null,
        null,
        null,
        null,
        null,
        null,
        null,
        null,
        null,
        null,
        null,
        null,
        null,
        null,
        null
      ],
      "/Users/artem/workspace/Rails/garage/bookstore/app/models/order.rb": [
        1,
        1,
        1,
        1,
        1,
        1,
        1,
        1,
        1,
        1,
        1,
        1,
        1,
        null,
        1,
        286,
        286,
        null,
        null,
        1,
        0,
        0,
        null,
        null,
        null,
        1,
        710,
        710,
        null,
        0,
        null,
        null,
        null,
        1,
        286,
        0,
        0,
        286,
        0,
        0,
        null,
        null,
        null,
        1,
        7,
        0,
        0,
        null,
        7,
        null,
        null,
        null,
        1,
        1,
        null,
        null
      ],
      "/Users/artem/workspace/Rails/garage/bookstore/app/models/concerns/order_methods.rb": [
        1,
        null,
        1,
        null,
        1,
        820,
        null,
        null,
        1,
        13,
        13,
        null,
        0,
        null,
        null,
        null,
        1,
        710,
        699,
        null,
        11,
        null,
        null,
        null,
        1,
        0,
        0,
        null,
        0,
        null,
        null,
        null,
        1,
        0,
        null,
        null,
        1,
        7,
        null,
        null,
        1,
        0,
        null,
        null,
        1,
        0,
        null,
        null,
        1,
        286,
        null,
        null,
        1,
        0,
        null,
        null,
        1,
        0,
        null,
        null,
        1,
        286,
        null,
        null
      ],
      "/Users/artem/workspace/Rails/garage/bookstore/app/models/concerns/state_machine_methods.rb": [
        1,
        null,
        1,
        null,
        1,
        1,
        1,
        1,
        1,
        1,
        1,
        1,
        null,
        1,
        1,
        4,
        null,
        1,
        null,
        null,
        1,
        1,
        null,
        null,
        1,
        1,
        null,
        null,
        1,
        1,
        null,
        null,
        null,
        null,
        1,
        0,
        0,
        null,
        null,
        1,
        null,
        null,
        null,
        null,
        41,
        null,
        null,
        1,
        36,
        180,
        36,
        null,
        null
      ],
      "/Users/artem/workspace/Rails/garage/bookstore/app/models/profile.rb": [
        1,
        1,
        1,
        1,
        1,
        null
      ],
      "/Users/artem/workspace/Rails/garage/bookstore/app/models/review.rb": [
        1,
        1,
        1,
        1,
        1,
        null
      ],
      "/Users/artem/workspace/Rails/garage/bookstore/app/models/role.rb": [
        1,
        1,
        null
      ],
      "/Users/artem/workspace/Rails/garage/bookstore/app/forms/profile_form.rb": [
        1,
        1,
        null,
        1,
        null,
        1,
        20,
        null,
        null,
        1,
        0,
        null,
        null,
        1,
        3,
        null,
        null,
        1,
        3,
        null,
        null,
        1,
        2,
        null,
        null,
        1,
        1,
        1,
        1,
        1,
        null,
        null
      ],
      "/Users/artem/workspace/Rails/garage/bookstore/app/controllers/devise/custom_sessions_controller.rb": [
        1,
        1,
        1,
        null,
        1,
        21,
        null,
        null,
        1,
        21,
        21,
        null,
        null
      ],
      "/Users/artem/workspace/Rails/garage/bookstore/app/controllers/devise/custom_registrations_controller.rb": [
        1,
        1,
        1,
        null,
        1,
        2,
        null,
        null,
        1,
        2,
        2,
        null,
        null,
        null
      ]
    },
    "timestamp": 1440754759
  }
}
